<?xml version="1.0" encoding="UTF-8"?>
<!-- Generated by org.testng.reporters.JUnitXMLReporter -->
<testsuite hostname="Zedo-7" name="Test" tests="4" failures="0" timestamp="22 May 2019 13:10:38 GMT" time="90.628" errors="0">
  <testcase name="titleValidation" time="0.073" classname="Qa.ValidateTitle"/>
  <testcase name="validateTabs" time="0.153" classname="Qa.ValidateTabs"/>
  <testcase name="firstTest" time="30.038" classname="Qa.Login"/>
  <testcase name="firstTest" time="7.281" classname="Qa.Login"/>
</testsuite> <!-- Test -->
