-------------------------------------------------------------------------------
Test set: TestSuite
-------------------------------------------------------------------------------
Tests run: 4, Failures: 1, Errors: 0, Skipped: 0, Time elapsed: 31.564 s <<< FAILURE! - in TestSuite
titleValidation(Qa.ValidateTitle)  Time elapsed: 0.121 s  <<< FAILURE!
junit.framework.ComparisonFailure: expected:<FEATURED COURSES[]> but was:<FEATURED COURSES[123]>
	at Qa.ValidateTitle.titleValidation(ValidateTitle.java:40)

