<?xml version="1.0" encoding="UTF-8"?>
<testng-results skipped="0" failed="1" total="4" passed="3">
  <reporter-output>
  </reporter-output>
  <suite name="Suite" duration-ms="30195" started-at="2019-05-23T09:50:38Z" finished-at="2019-05-23T09:51:08Z">
    <groups>
    </groups>
    <test name="Title validation" duration-ms="6480" started-at="2019-05-23T09:50:38Z" finished-at="2019-05-23T09:50:45Z">
      <class name="Qa.ValidateTitle">
        <test-method status="PASS" signature="intilize()[pri:0, instance:Qa.ValidateTitle@bef2d72]" name="intilize" is-config="true" duration-ms="5700" started-at="2019-05-23T15:20:38Z" finished-at="2019-05-23T15:20:44Z">
          <reporter-output>
          </reporter-output>
        </test-method> <!-- intilize -->
        <test-method status="FAIL" signature="titleValidation()[pri:0, instance:Qa.ValidateTitle@bef2d72]" name="titleValidation" duration-ms="111" started-at="2019-05-23T15:20:44Z" finished-at="2019-05-23T15:20:44Z">
          <exception class="junit.framework.ComparisonFailure">
            <message>
              <![CDATA[expected:<FEATURED COURSES[]> but was:<FEATURED COURSES[123]>]]>
            </message>
            <full-stacktrace>
              <![CDATA[junit.framework.ComparisonFailure: expected:<FEATURED COURSES[]> but was:<FEATURED COURSES[123]>
	at junit.framework.Assert.assertEquals(Assert.java:85)
	at junit.framework.Assert.assertEquals(Assert.java:91)
	at Qa.ValidateTitle.titleValidation(ValidateTitle.java:40)
	at sun.reflect.NativeMethodAccessorImpl.invoke0(Native Method)
	at sun.reflect.NativeMethodAccessorImpl.invoke(NativeMethodAccessorImpl.java:62)
	at sun.reflect.DelegatingMethodAccessorImpl.invoke(DelegatingMethodAccessorImpl.java:43)
	at java.lang.reflect.Method.invoke(Method.java:498)
	at org.testng.internal.MethodInvocationHelper.invokeMethod(MethodInvocationHelper.java:80)
	at org.testng.internal.Invoker.invokeMethod(Invoker.java:714)
	at org.testng.internal.Invoker.invokeTestMethod(Invoker.java:901)
	at org.testng.internal.Invoker.invokeTestMethods(Invoker.java:1231)
	at org.testng.internal.TestMethodWorker.invokeTestMethods(TestMethodWorker.java:127)
	at org.testng.internal.TestMethodWorker.run(TestMethodWorker.java:111)
	at org.testng.TestRunner.privateRun(TestRunner.java:767)
	at org.testng.TestRunner.run(TestRunner.java:617)
	at org.testng.SuiteRunner.runTest(SuiteRunner.java:334)
	at org.testng.SuiteRunner.runSequentially(SuiteRunner.java:329)
	at org.testng.SuiteRunner.privateRun(SuiteRunner.java:291)
	at org.testng.SuiteRunner.run(SuiteRunner.java:240)
	at org.testng.SuiteRunnerWorker.runSuite(SuiteRunnerWorker.java:52)
	at org.testng.SuiteRunnerWorker.run(SuiteRunnerWorker.java:86)
	at org.testng.TestNG.runSuitesSequentially(TestNG.java:1198)
	at org.testng.TestNG.runSuitesLocally(TestNG.java:1123)
	at org.testng.TestNG.run(TestNG.java:1031)
	at org.apache.maven.surefire.testng.TestNGExecutor.run(TestNGExecutor.java:283)
	at org.apache.maven.surefire.testng.TestNGXmlTestSuite.execute(TestNGXmlTestSuite.java:75)
	at org.apache.maven.surefire.testng.TestNGProvider.invoke(TestNGProvider.java:120)
	at org.apache.maven.surefire.booter.ForkedBooter.invokeProviderInSameClassLoader(ForkedBooter.java:386)
	at org.apache.maven.surefire.booter.ForkedBooter.runSuitesInProcess(ForkedBooter.java:323)
	at org.apache.maven.surefire.booter.ForkedBooter.main(ForkedBooter.java:143)
]]>
            </full-stacktrace>
          </exception> <!-- junit.framework.ComparisonFailure -->
          <reporter-output>
          </reporter-output>
        </test-method> <!-- titleValidation -->
        <test-method status="PASS" signature="closeResources()[pri:0, instance:Qa.ValidateTitle@bef2d72]" name="closeResources" is-config="true" duration-ms="123" started-at="2019-05-23T15:20:44Z" finished-at="2019-05-23T15:20:45Z">
          <reporter-output>
          </reporter-output>
        </test-method> <!-- closeResources -->
      </class> <!-- Qa.ValidateTitle -->
    </test> <!-- Title validation -->
    <test name="Tabs validation" duration-ms="5361" started-at="2019-05-23T09:50:45Z" finished-at="2019-05-23T09:50:50Z">
      <class name="Qa.ValidateTabs">
        <test-method status="PASS" signature="intilize()[pri:0, instance:Qa.ValidateTabs@67a20f67]" name="intilize" is-config="true" duration-ms="5154" started-at="2019-05-23T15:20:45Z" finished-at="2019-05-23T15:20:50Z">
          <reporter-output>
          </reporter-output>
        </test-method> <!-- intilize -->
        <test-method status="PASS" signature="validateTabs()[pri:0, instance:Qa.ValidateTabs@67a20f67]" name="validateTabs" duration-ms="145" started-at="2019-05-23T15:20:50Z" finished-at="2019-05-23T15:20:50Z">
          <reporter-output>
          </reporter-output>
        </test-method> <!-- validateTabs -->
        <test-method status="PASS" signature="closeResources()[pri:0, instance:Qa.ValidateTabs@67a20f67]" name="closeResources" is-config="true" duration-ms="61" started-at="2019-05-23T15:20:50Z" finished-at="2019-05-23T15:20:50Z">
          <reporter-output>
          </reporter-output>
        </test-method> <!-- closeResources -->
      </class> <!-- Qa.ValidateTabs -->
    </test> <!-- Tabs validation -->
    <test name="Login" duration-ms="18273" started-at="2019-05-23T09:50:50Z" finished-at="2019-05-23T09:51:08Z">
      <class name="Qa.Login">
        <test-method status="PASS" signature="intilize()[pri:0, instance:Qa.Login@7e0b85f9]" name="intilize" is-config="true" duration-ms="2134" started-at="2019-05-23T15:20:50Z" finished-at="2019-05-23T15:20:52Z">
          <reporter-output>
          </reporter-output>
        </test-method> <!-- intilize -->
        <test-method status="PASS" signature="firstTest(java.lang.String, java.lang.String)[pri:0, instance:Qa.Login@7e0b85f9]" name="firstTest" duration-ms="11079" started-at="2019-05-23T15:20:52Z" data-provider="getData" finished-at="2019-05-23T15:21:03Z">
          <params>
            <param index="0">
              <value>
                <![CDATA[user1@test.com]]>
              </value>
            </param>
            <param index="1">
              <value>
                <![CDATA[ozocom1234]]>
              </value>
            </param>
          </params>
          <reporter-output>
          </reporter-output>
        </test-method> <!-- firstTest -->
        <test-method status="PASS" signature="firstTest(java.lang.String, java.lang.String)[pri:0, instance:Qa.Login@7e0b85f9]" name="firstTest" duration-ms="4965" started-at="2019-05-23T15:21:03Z" data-provider="getData" finished-at="2019-05-23T15:21:08Z">
          <params>
            <param index="0">
              <value>
                <![CDATA[user2@test.com]]>
              </value>
            </param>
            <param index="1">
              <value>
                <![CDATA[ozocom1234]]>
              </value>
            </param>
          </params>
          <reporter-output>
          </reporter-output>
        </test-method> <!-- firstTest -->
        <test-method status="PASS" signature="closeResources()[pri:0, instance:Qa.Login@7e0b85f9]" name="closeResources" is-config="true" duration-ms="93" started-at="2019-05-23T15:21:08Z" finished-at="2019-05-23T15:21:08Z">
          <reporter-output>
          </reporter-output>
        </test-method> <!-- closeResources -->
      </class> <!-- Qa.Login -->
    </test> <!-- Login -->
  </suite> <!-- Suite -->
</testng-results>
