<?xml version="1.0" encoding="UTF-8"?>
<!-- Generated by org.testng.reporters.JUnitXMLReporter -->
<testsuite ignored="0" hostname="DESKTOP-OME7IET" failures="0" tests="2" name="Login" time="0.031" errors="0" timestamp="28 Nov 2019 02:50:16 GMT">
  <testcase classname="Qa.Login" name="@BeforeTest intilize" time="0.0">
    <failure type="java.io.FileNotFoundException" message="C:\Selenium\E2E\src\main\java\resources\data.properties (The system cannot find the path specified)">
      <![CDATA[java.io.FileNotFoundException: C:\Selenium\E2E\src\main\java\resources\data.properties (The system cannot find the path specified)
at java.base/java.io.FileInputStream.open0(Native Method)
at java.base/java.io.FileInputStream.open(FileInputStream.java:213)
at java.base/java.io.FileInputStream.<init>(FileInputStream.java:155)
at java.base/java.io.FileInputStream.<init>(FileInputStream.java:110)
at resources.Base.intializeDriver(Base.java:29)
at Qa.Login.intilize(Login.java:26)
... Removed 24 stack frames]]>
    </failure>
  </testcase> <!-- @BeforeTest intilize -->
  <testcase classname="Qa.Login" name="@AfterTest closeResources" time="0.0">
    <skipped/>
  </testcase> <!-- @AfterTest closeResources -->
  <testcase classname="Qa.Login" name="firstTest" time="0.0">
    <skipped/>
  </testcase> <!-- firstTest -->
  <testcase classname="Qa.Login" name="firstTest" time="0.0">
    <skipped/>
  </testcase> <!-- firstTest -->
</testsuite> <!-- Login -->
