<?xml version="1.0" encoding="UTF-8"?>
<!-- Generated by org.testng.reporters.JUnitXMLReporter -->
<testsuite hostname="Zedo-7" ignored="0" name="Test" tests="4" failures="0" timestamp="22 May 2019 08:02:30 GMT" time="30.985" errors="0">
  <testcase name="titleValidation" time="0.114" classname="Qa.ValidateTitle"/>
  <testcase name="validateTabs" time="0.164" classname="Qa.ValidateTabs"/>
  <testcase name="firstTest" time="9.574" classname="Qa.Login"/>
  <testcase name="firstTest" time="5.14" classname="Qa.Login"/>
</testsuite> <!-- Test -->
